<?xml version="1.0" encoding="UTF-8"?>
<!-- Generated by org.testng.reporters.JUnitReportReporter -->
<testsuite hostname="Whos" failures="0" tests="1" name="testcases.TC12_Orders" time="40.617" errors="0" timestamp="2023-12-09T11:00:58 EET" skipped="0">
  <testcase classname="testcases.TC12_Orders" name="createSuccessfullyOrder" time="40.617"/>
  <system-out/>
</testsuite> <!-- testcases.TC12_Orders -->
